Vivado Simulator v2023.2
Copyright 1986-2022 Xilinx, Inc. All Rights Reserved.
Copyright 2022-2023 Advanced Micro Devices, Inc. All Rights Reserved.
Running: /home/utec/Escritorio/FPGAs_AdaptiveSoCs_Unified_2023.2_1013_2256/Vivado/2023.2/bin/unwrapped/lnx64.o/xelab --incr --debug typical --relax --mt 8 -L xil_defaultlib -L unisims_ver -L unimacro_ver -L secureip --snapshot testbench_behav xil_defaultlib.testbench xil_defaultlib.glbl -log elaborate.log 
Using 8 slave threads.
Starting static elaboration
Pass Through NonSizing Optimizer
WARNING: [VRFC 10-3705] select index 2 into 'ALUControl' is out of bounds [/home/utec/Descargas/project_5/project_5.srcs/sources_1/new/alu.v:15]
Completed static elaboration
Starting simulation data flow analysis
Completed simulation data flow analysis
Time Resolution for simulation is 1ps
Compiling module xil_defaultlib.decode
Compiling module xil_defaultlib.flopenr(WIDTH=2)
Compiling module xil_defaultlib.condcheck
Compiling module xil_defaultlib.condlogic
Compiling module xil_defaultlib.controller
Compiling module xil_defaultlib.mux2(WIDTH=32)
Compiling module xil_defaultlib.flopr(WIDTH=32)
Compiling module xil_defaultlib.adder(WIDTH=32)
Compiling module xil_defaultlib.mux2(WIDTH=4)
Compiling module xil_defaultlib.regfile
Compiling module xil_defaultlib.extend
Compiling module xil_defaultlib.alu
Compiling module xil_defaultlib.datapath
Compiling module xil_defaultlib.arm
Compiling module xil_defaultlib.imem
Compiling module xil_defaultlib.dmem
Compiling module xil_defaultlib.top
Compiling module xil_defaultlib.testbench
Compiling module xil_defaultlib.glbl
Built simulation snapshot testbench_behav
